<?xml version="1.0" encoding="UTF-8"?>
<testng-results ignored="0" total="1" passed="1" failed="0" skipped="0">
  <reporter-output>
  </reporter-output>
  <suite started-at="2023-07-19T11:06:34 EDT" name="Suite" finished-at="2023-07-19T11:06:42 EDT" duration-ms="8110">
    <groups>
      <group name="cucumber">
        <method signature="AbstractTestNGCucumberTests.runScenario(io.cucumber.testng.PickleWrapper,io.cucumber.testng.FeatureWrapper)[pri:0, instance:runner.TestRunner@59402b8f]" name="runScenario" class="io.cucumber.testng.AbstractTestNGCucumberTests"/>
      </group> <!-- cucumber -->
    </groups>
    <test started-at="2023-07-19T11:06:34 EDT" name="Test" finished-at="2023-07-19T11:06:42 EDT" duration-ms="8110">
      <class name="runner.TestRunner">
        <test-method is-config="true" signature="setUpClass(org.testng.ITestContext)[pri:0, instance:runner.TestRunner@59402b8f]" started-at="2023-07-19T11:06:34 EDT" name="setUpClass" finished-at="2023-07-19T11:06:35 EDT" duration-ms="804" status="PASS">
          <params>
            <param index="0">
              <value>
                <![CDATA[org.testng.TestRunner@47829d6d]]>
              </value>
            </param>
          </params>
          <reporter-output>
          </reporter-output>
        </test-method> <!-- setUpClass -->
        <test-method signature="runScenario(io.cucumber.testng.PickleWrapper,io.cucumber.testng.FeatureWrapper)[pri:0, instance:runner.TestRunner@59402b8f]" started-at="2023-07-19T11:06:35 EDT" name="runScenario" description="Runs Cucumber Scenarios" data-provider="scenarios" finished-at="2023-07-19T11:06:41 EDT" duration-ms="5737" status="PASS">
          <params>
            <param index="0">
              <value>
                <![CDATA["Perform a Google Search"]]>
              </value>
            </param>
            <param index="1">
              <value>
                <![CDATA["Google Search Feature"]]>
              </value>
            </param>
          </params>
          <reporter-output>
          </reporter-output>
        </test-method> <!-- runScenario -->
        <test-method is-config="true" signature="tearDownClass()[pri:0, instance:runner.TestRunner@59402b8f]" started-at="2023-07-19T11:06:41 EDT" name="tearDownClass" finished-at="2023-07-19T11:06:42 EDT" duration-ms="1498" status="PASS">
          <reporter-output>
          </reporter-output>
        </test-method> <!-- tearDownClass -->
      </class> <!-- runner.TestRunner -->
    </test> <!-- Test -->
  </suite> <!-- Suite -->
</testng-results>
